Arguments: 
  C:\Program Files\nodejs\node.exe C:\Users\Saulo\AppData\Roaming\npm\node_modules\yarn\bin\yarn.js init --template=typescript

PATH: 
  C:\Program Files\Eclipse Adoptium\jdk-17.0.8.7-hotspot\bin;C:\Program Files (x86)\Common Files\Intel\Shared Libraries\redist\intel64\compiler;C:\Program Files (x86)\Common Files\Intel\Shared Files\cpp\bin\Intel64;C:\Program Files\Oculus\Support\oculus-runtime;C:\Windows\system32;C:\Windows;C:\Windows\System32\Wbem;C:\Windows\System32\WindowsPowerShell\v1.0\;C:\Windows\System32\OpenSSH\;C:\Program Files\NVIDIA Corporation\NVIDIA NvDLISR;C:\Program Files (x86)\NVIDIA Corporation\PhysX\Common;C:\Program Files (x86)\dotnet\;C:\Program Files\dotnet\;C:\Program Files\Git\cmd;C:\Program Files\nodejs\;C:\ProgramData\chocolatey\bin;C:\Program Files\RedHat\java-11-openjdk-11.0.17-2\bin;C:\Program Files (x86)\Common Files\Oracle\Java\javapath;C:\Gradle\gradle-6.9.3\bin;C:\Program Files\eSpeak NG\;C:\Program Files (x86)\ZeroTier\One\;C:\Program Files\Go\bin;C:\Program Files\Docker\Docker\resources\bin;C:\Users\Saulo\.cargo\bin;C:\Users\Saulo\AppData\Local\Android\Sdk\platform-tools;C:\Users\Saulo\AppData\Local\Android\Sdk\tools;C:\Users\Saulo\AppData\Local\Microsoft\WindowsApps;C:\Users\Saulo\AppData\Local\Programs\Microsoft VS Code\bin;C:\Users\Saulo\AppData\Roaming\npm;C:\Users\Saulo\.dotnet\tools;C:\Program Files\dotnet\;C:\Program Files\FireDaemon OpenSSL 3\bin;C:\Users\Saulo\Documents\watchman-v2022.11.14.00-windows\watchman-v2022.11.14.00-windows\bin;C:\Gradle\gradle-6.9.3\bin;c:\users\saulo\.local\bin;C:\ffmpeg\bin;C:\Users\Saulo\go\bin;C:\Users\Saulo\AppData\Local\GitHubDesktop\bin;C:\Users\Saulo\AppData\Local\Microsoft\WindowsApps\PythonSoftwareFoundation.Python.3.10_qbz5n2kfra8p0\python.exe;;X:\IntelliJ IDEA 2023.2\bin;

Yarn version: 
  1.22.19

Node version: 
  18.12.1

Platform: 
  win32 x64

Trace: 
  Error: canceled
      at Interface.<anonymous> (C:\Users\Saulo\AppData\Roaming\npm\node_modules\yarn\lib\cli.js:137150:13)
      at Interface.emit (node:events:513:28)
      at [_ttyWrite] [as _ttyWrite] (node:internal/readline/interface:1124:18)
      at ReadStream.onkeypress (node:internal/readline/interface:273:20)
      at ReadStream.emit (node:events:513:28)
      at emitKeys (node:internal/readline/utils:357:14)
      at emitKeys.next (<anonymous>)
      at ReadStream.onData (node:internal/readline/emitKeypressEvents:64:36)
      at ReadStream.emit (node:events:513:28)
      at addChunk (node:internal/streams/readable:324:12)

npm manifest: 
  No manifest

yarn manifest: 
  No manifest

Lockfile: 
  No lockfile
